<?xml version="1.0" encoding="UTF-8"?>
<!-- Generated by org.testng.reporters.JUnitXMLReporter -->
<testsuite hostname="32L-FMBQ43" ignored="0" name="Test" tests="3" failures="0" timestamp="2020-04-17T17:18:12 EDT" time="0.051" errors="0">
  <testcase name="ApiAutomation" time="0.006" classname="qaclickacademyGroupId.RestAPITest"/>
  <testcase name="MobileAutomation" time="0.0" classname="qaclickacademyGroupId.AppiumTest"/>
  <testcase name="BrowserAutomation" time="0.0" classname="qaclickacademyGroupId.SeleniumTest"/>
</testsuite> <!-- Test -->
