<?xml version="1.0" encoding="UTF-8"?>
<testng-results skipped="0" failed="0" ignored="0" total="3" passed="3">
  <reporter-output>
  </reporter-output>
  <suite name="Suite" duration-ms="51" started-at="2020-04-17T17:18:12 EDT" finished-at="2020-04-17T17:18:12 EDT">
    <groups>
    </groups>
    <test name="Test" duration-ms="51" started-at="2020-04-17T17:18:12 EDT" finished-at="2020-04-17T17:18:12 EDT">
      <class name="qaclickacademyGroupId.RestAPITest">
        <test-method status="PASS" signature="ApiAutomation()[pri:0, instance:qaclickacademyGroupId.RestAPITest@49993335]" name="ApiAutomation" duration-ms="6" started-at="2020-04-17T17:18:12 EDT" finished-at="2020-04-17T17:18:12 EDT">
          <reporter-output>
          </reporter-output>
        </test-method> <!-- ApiAutomation -->
      </class> <!-- qaclickacademyGroupId.RestAPITest -->
      <class name="qaclickacademyGroupId.AppiumTest">
        <test-method status="PASS" signature="MobileAutomation()[pri:0, instance:qaclickacademyGroupId.AppiumTest@20322d26]" name="MobileAutomation" duration-ms="0" started-at="2020-04-17T17:18:12 EDT" finished-at="2020-04-17T17:18:12 EDT">
          <reporter-output>
          </reporter-output>
        </test-method> <!-- MobileAutomation -->
      </class> <!-- qaclickacademyGroupId.AppiumTest -->
      <class name="qaclickacademyGroupId.SeleniumTest">
        <test-method status="PASS" signature="BrowserAutomation()[pri:0, instance:qaclickacademyGroupId.SeleniumTest@192b07fd]" name="BrowserAutomation" duration-ms="0" started-at="2020-04-17T17:18:12 EDT" finished-at="2020-04-17T17:18:12 EDT">
          <reporter-output>
          </reporter-output>
        </test-method> <!-- BrowserAutomation -->
      </class> <!-- qaclickacademyGroupId.SeleniumTest -->
    </test> <!-- Test -->
  </suite> <!-- Suite -->
</testng-results>
