<?xml version="1.0" encoding="UTF-8"?>
<testng-results skipped="0" failed="0" ignored="0" total="1" passed="1">
  <reporter-output>
  </reporter-output>
  <suite name="Default suite" duration-ms="64" started-at="2020-04-17T09:13:39 EDT" finished-at="2020-04-17T09:13:39 EDT">
    <groups>
    </groups>
    <test name="Default test" duration-ms="64" started-at="2020-04-17T09:13:39 EDT" finished-at="2020-04-17T09:13:39 EDT">
      <class name="qaclickacademyGroupId.SeleniumTest">
        <test-method status="PASS" signature="BrowserAutomation()[pri:0, instance:qaclickacademyGroupId.SeleniumTest@26aa12dd]" name="BrowserAutomation" duration-ms="13" started-at="2020-04-17T09:13:39 EDT" finished-at="2020-04-17T09:13:39 EDT">
          <reporter-output>
          </reporter-output>
        </test-method> <!-- BrowserAutomation -->
      </class> <!-- qaclickacademyGroupId.SeleniumTest -->
    </test> <!-- Default test -->
  </suite> <!-- Default suite -->
</testng-results>
